0 info it worked if it ends with ok
1 verbose cli [ 'node', '/usr/local/bin/npm', 'uninstall', 'gulp-iconfont' ]
2 info using npm@1.4.28
3 info using node@v0.10.36
4 verbose node_modules/gulp-iconfont unbuild
5 info preuninstall gulp-iconfont@1.0.0
6 info uninstall gulp-iconfont@1.0.0
7 verbose true,/Users/adam/git/adamraya.github.io/node_modules,/Users/adam/git/adamraya.github.io/node_modules unbuild gulp-iconfont@1.0.0
8 info postuninstall gulp-iconfont@1.0.0
9 error Error: EACCES, unlink '/Users/adam/git/adamraya.github.io/node_modules/gulp-iconfont/node_modules/gulp-svgicons2svgfont/node_modules/.bin/svgicons2svgfont'
9 error  { [Error: EACCES, unlink '/Users/adam/git/adamraya.github.io/node_modules/gulp-iconfont/node_modules/gulp-svgicons2svgfont/node_modules/.bin/svgicons2svgfont']
9 error   errno: 3,
9 error   code: 'EACCES',
9 error   path: '/Users/adam/git/adamraya.github.io/node_modules/gulp-iconfont/node_modules/gulp-svgicons2svgfont/node_modules/.bin/svgicons2svgfont' }
10 error Please try running this command again as root/Administrator.
11 error System Darwin 11.4.2
12 error command "node" "/usr/local/bin/npm" "uninstall" "gulp-iconfont"
13 error cwd /Users/adam/git/adamraya.github.io
14 error node -v v0.10.36
15 error npm -v 1.4.28
16 error path /Users/adam/git/adamraya.github.io/node_modules/gulp-iconfont/node_modules/gulp-svgicons2svgfont/node_modules/.bin/svgicons2svgfont
17 error code EACCES
18 error errno 3
19 error stack Error: EACCES, unlink '/Users/adam/git/adamraya.github.io/node_modules/gulp-iconfont/node_modules/gulp-svgicons2svgfont/node_modules/.bin/svgicons2svgfont'
20 verbose exit [ 3, true ]
